<?xml version="1.0" encoding="UTF-8"?>
<!-- Generated by org.testng.reporters.JUnitXMLReporter -->
<testsuite ignored="0" hostname="DESKTOP-SQ41RG7" failures="0" tests="5" name="Test OrangeHRM" time="18.616" errors="0" timestamp="2024-07-12T18:33:52 IST">
  <testcase classname="org.Test.Program1" name="todaydeal" time="3.318"/>
  <testcase classname="org.Test.Program1" name="verifytitle" time="0.565"/>
  <testcase classname="org.Test.Orangehrm" name="launchapp" time="3.665"/>
  <testcase classname="org.Test.Orangehrm" name="login" time="0.567"/>
  <testcase classname="org.Test.Orangehrm" name="myinfo" time="2.836"/>
</testsuite> <!-- Test OrangeHRM -->
