<?xml version="1.0" encoding="UTF-8"?>
<!-- Generated by org.testng.reporters.JUnitXMLReporter -->
<testsuite ignored="0" hostname="DESKTOP-SQ41RG7" failures="1" tests="1" name="Test" time="5.322" errors="0" timestamp="2024-07-11T12:55:45 IST">
  <testcase classname="org.Test.Program1" name="verifytitle" time="0.527">
    <failure type="java.lang.AssertionError" message="expected [Prime Day is Amazon&amp;apos;s annual deal event exclusively for Prime members, featuring two days of epic deals on top brand] but found [Online Shopping site in India: Shop Online for Mobiles, Books, Watches, Shoes and More - Amazon.in]">
      <![CDATA[java.lang.AssertionError: expected [Prime Day is Amazon's annual deal event exclusively for Prime members, featuring two days of epic deals on top brand] but found [Online Shopping site in India: Shop Online for Mobiles, Books, Watches, Shoes and More - Amazon.in]
at org.Test.Program1.verifytitle(Program1.java:28)
at java.base/java.util.ArrayList.forEach(ArrayList.java:1511)
... Removed 33 stack frames]]>
    </failure>
  </testcase> <!-- verifytitle -->
</testsuite> <!-- Test -->
